<?xml version="1.0" encoding="UTF-8"?>
<!-- Generated by org.testng.reporters.JUnitXMLReporter -->
<testsuite ignored="0" hostname="DESKTOP-56C0EHH" failures="0" tests="3" name="Test" time="135.075" errors="0" timestamp="2023-06-01T11:55:24 IST">
  <testcase classname="com.actitime.testcases.TC1_ActitimeLoginLogout" name="loginlogout" time="17.748"/>
  <testcase classname="com.actitime.testcases.TC2_CreateCustomerLogout" name="createCustomer" time="43.993"/>
  <testcase classname="com.actitime.testcases.TC3_CreateWorkLogout" name="creatework" time="41.021"/>
</testsuite> <!-- Test -->
