<?xml version="1.0" encoding="UTF-8"?>
<!-- Generated by org.testng.reporters.JUnitXMLReporter -->
<testsuite ignored="0" hostname="PralayKumar" failures="0" tests="3" name="Test" time="146.092" errors="0" timestamp="2023-06-03T21:35:02 IST">
  <testcase classname="com.actitime.testcases.TC3_CreateWorkLogout" name="creatework" time="45.201"/>
  <testcase classname="com.actitime.testcases.TC2_CreateCustomerLogout" name="createCustomer" time="45.434"/>
  <testcase classname="com.actitime.testcases.TC1_ActitimeLoginLogout" name="loginlogout" time="19.847"/>
</testsuite> <!-- Test -->
