<?xml version="1.0" encoding="UTF-8"?>
<testng-results ignored="0" total="3" passed="3" failed="0" skipped="0">
  <reporter-output>
    <line>
      <![CDATA[both titles are matching]]>
    </line>
  </reporter-output>
  <suite started-at="2023-06-03T21:32:35 IST" name="Suite" finished-at="2023-06-03T21:35:02 IST" duration-ms="146092">
    <groups>
    </groups>
    <test started-at="2023-06-03T21:32:35 IST" name="Test" finished-at="2023-06-03T21:35:02 IST" duration-ms="146092">
      <class name="com.actitime.testcases.TC2_CreateCustomerLogout">
        <test-method is-config="true" signature="setup()[pri:0, instance:com.actitime.testcases.TC2_CreateCustomerLogout@6b927fb]" started-at="2023-06-03T21:33:37 IST" name="setup" finished-at="2023-06-03T21:33:46 IST" duration-ms="9162" status="PASS">
          <reporter-output>
          </reporter-output>
        </test-method> <!-- setup -->
        <test-method signature="createCustomer()[pri:0, instance:com.actitime.testcases.TC2_CreateCustomerLogout@6b927fb]" started-at="2023-06-03T21:33:46 IST" name="createCustomer" finished-at="2023-06-03T21:34:32 IST" duration-ms="45434" status="PASS">
          <reporter-output>
          </reporter-output>
        </test-method> <!-- createCustomer -->
        <test-method is-config="true" signature="teardown()[pri:0, instance:com.actitime.testcases.TC2_CreateCustomerLogout@6b927fb]" started-at="2023-06-03T21:34:32 IST" name="teardown" finished-at="2023-06-03T21:34:32 IST" duration-ms="389" status="PASS">
          <reporter-output>
          </reporter-output>
        </test-method> <!-- teardown -->
      </class> <!-- com.actitime.testcases.TC2_CreateCustomerLogout -->
      <class name="com.actitime.testcases.TC1_ActitimeLoginLogout">
        <test-method is-config="true" signature="setup()[pri:0, instance:com.actitime.testcases.TC1_ActitimeLoginLogout@3e58a80e]" started-at="2023-06-03T21:34:32 IST" name="setup" finished-at="2023-06-03T21:34:41 IST" duration-ms="9117" status="PASS">
          <reporter-output>
          </reporter-output>
        </test-method> <!-- setup -->
        <test-method signature="loginlogout()[pri:0, instance:com.actitime.testcases.TC1_ActitimeLoginLogout@3e58a80e]" started-at="2023-06-03T21:34:41 IST" name="loginlogout" finished-at="2023-06-03T21:35:01 IST" duration-ms="19847" status="PASS">
          <reporter-output>
            <line>
              <![CDATA[both titles are matching]]>
            </line>
          </reporter-output>
        </test-method> <!-- loginlogout -->
        <test-method is-config="true" signature="teardown()[pri:0, instance:com.actitime.testcases.TC1_ActitimeLoginLogout@3e58a80e]" started-at="2023-06-03T21:35:01 IST" name="teardown" finished-at="2023-06-03T21:35:02 IST" duration-ms="428" status="PASS">
          <reporter-output>
          </reporter-output>
        </test-method> <!-- teardown -->
      </class> <!-- com.actitime.testcases.TC1_ActitimeLoginLogout -->
      <class name="com.actitime.testcases.TC3_CreateWorkLogout">
        <test-method is-config="true" signature="setup()[pri:0, instance:com.actitime.testcases.TC3_CreateWorkLogout@4567f35d]" started-at="2023-06-03T21:32:36 IST" name="setup" finished-at="2023-06-03T21:32:52 IST" duration-ms="16056" status="PASS">
          <reporter-output>
          </reporter-output>
        </test-method> <!-- setup -->
        <test-method signature="creatework()[pri:0, instance:com.actitime.testcases.TC3_CreateWorkLogout@4567f35d]" started-at="2023-06-03T21:32:52 IST" name="creatework" finished-at="2023-06-03T21:33:37 IST" duration-ms="45201" status="PASS">
          <reporter-output>
          </reporter-output>
        </test-method> <!-- creatework -->
        <test-method is-config="true" signature="teardown()[pri:0, instance:com.actitime.testcases.TC3_CreateWorkLogout@4567f35d]" started-at="2023-06-03T21:33:37 IST" name="teardown" finished-at="2023-06-03T21:33:37 IST" duration-ms="415" status="PASS">
          <reporter-output>
          </reporter-output>
        </test-method> <!-- teardown -->
      </class> <!-- com.actitime.testcases.TC3_CreateWorkLogout -->
    </test> <!-- Test -->
  </suite> <!-- Suite -->
</testng-results>
