<?xml version="1.0" encoding="UTF-8"?>
<testng-results ignored="0" total="3" passed="3" failed="0" skipped="0">
  <reporter-output>
    <line>
      <![CDATA[both titles are matching]]>
    </line>
  </reporter-output>
  <suite started-at="2023-06-01T11:53:09 IST" name="Suite" finished-at="2023-06-01T11:55:24 IST" duration-ms="135075">
    <groups>
    </groups>
    <test started-at="2023-06-01T11:53:09 IST" name="Test" finished-at="2023-06-01T11:55:24 IST" duration-ms="135075">
      <class name="com.actitime.testcases.TC2_CreateCustomerLogout">
        <test-method is-config="true" signature="setup()[pri:0, instance:com.actitime.testcases.TC2_CreateCustomerLogout@6e6f2380]" started-at="2023-06-01T11:53:37 IST" name="setup" finished-at="2023-06-01T11:53:45 IST" duration-ms="7966" status="PASS">
          <reporter-output>
          </reporter-output>
        </test-method> <!-- setup -->
        <test-method signature="createCustomer()[pri:0, instance:com.actitime.testcases.TC2_CreateCustomerLogout@6e6f2380]" started-at="2023-06-01T11:53:45 IST" name="createCustomer" finished-at="2023-06-01T11:54:29 IST" duration-ms="43993" status="PASS">
          <reporter-output>
          </reporter-output>
        </test-method> <!-- createCustomer -->
        <test-method is-config="true" signature="teardown()[pri:0, instance:com.actitime.testcases.TC2_CreateCustomerLogout@6e6f2380]" started-at="2023-06-01T11:54:29 IST" name="teardown" finished-at="2023-06-01T11:54:30 IST" duration-ms="929" status="PASS">
          <reporter-output>
          </reporter-output>
        </test-method> <!-- teardown -->
      </class> <!-- com.actitime.testcases.TC2_CreateCustomerLogout -->
      <class name="com.actitime.testcases.TC1_ActitimeLoginLogout">
        <test-method is-config="true" signature="setup()[pri:0, instance:com.actitime.testcases.TC1_ActitimeLoginLogout@f78a47e]" started-at="2023-06-01T11:53:09 IST" name="setup" finished-at="2023-06-01T11:53:18 IST" duration-ms="9385" status="PASS">
          <reporter-output>
          </reporter-output>
        </test-method> <!-- setup -->
        <test-method signature="loginlogout()[pri:0, instance:com.actitime.testcases.TC1_ActitimeLoginLogout@f78a47e]" started-at="2023-06-01T11:53:18 IST" name="loginlogout" finished-at="2023-06-01T11:53:36 IST" duration-ms="17748" status="PASS">
          <reporter-output>
            <line>
              <![CDATA[both titles are matching]]>
            </line>
          </reporter-output>
        </test-method> <!-- loginlogout -->
        <test-method is-config="true" signature="teardown()[pri:0, instance:com.actitime.testcases.TC1_ActitimeLoginLogout@f78a47e]" started-at="2023-06-01T11:53:36 IST" name="teardown" finished-at="2023-06-01T11:53:37 IST" duration-ms="906" status="PASS">
          <reporter-output>
          </reporter-output>
        </test-method> <!-- teardown -->
      </class> <!-- com.actitime.testcases.TC1_ActitimeLoginLogout -->
      <class name="com.actitime.testcases.TC3_CreateWorkLogout">
        <test-method is-config="true" signature="setup()[pri:0, instance:com.actitime.testcases.TC3_CreateWorkLogout@76a4ebf2]" started-at="2023-06-01T11:54:30 IST" name="setup" finished-at="2023-06-01T11:54:42 IST" duration-ms="12409" status="PASS">
          <reporter-output>
          </reporter-output>
        </test-method> <!-- setup -->
        <test-method signature="creatework()[pri:0, instance:com.actitime.testcases.TC3_CreateWorkLogout@76a4ebf2]" started-at="2023-06-01T11:54:42 IST" name="creatework" finished-at="2023-06-01T11:55:23 IST" duration-ms="41021" status="PASS">
          <reporter-output>
          </reporter-output>
        </test-method> <!-- creatework -->
        <test-method is-config="true" signature="teardown()[pri:0, instance:com.actitime.testcases.TC3_CreateWorkLogout@76a4ebf2]" started-at="2023-06-01T11:55:23 IST" name="teardown" finished-at="2023-06-01T11:55:24 IST" duration-ms="644" status="PASS">
          <reporter-output>
          </reporter-output>
        </test-method> <!-- teardown -->
      </class> <!-- com.actitime.testcases.TC3_CreateWorkLogout -->
    </test> <!-- Test -->
  </suite> <!-- Suite -->
</testng-results>
